0 info it worked if it ends with ok
1 verbose cli [ 'C:\\Program Files\\nodejs\\\\node.exe',
1 verbose cli   'C:\\Program Files\\nodejs\\node_modules\\npm\\bin\\npm-cli.js',
1 verbose cli   'install',
1 verbose cli   'db-mysql' ]
2 info using npm@1.3.21
3 info using node@v0.10.24
4 verbose node symlink C:\Program Files\nodejs\\node.exe
5 verbose readDependencies using package.json deps
6 verbose cache add [ 'db-mysql', null ]
7 verbose cache add name=undefined spec="db-mysql" args=["db-mysql",null]
8 verbose parsed url { protocol: null,
8 verbose parsed url   slashes: null,
8 verbose parsed url   auth: null,
8 verbose parsed url   host: null,
8 verbose parsed url   port: null,
8 verbose parsed url   hostname: null,
8 verbose parsed url   hash: null,
8 verbose parsed url   search: null,
8 verbose parsed url   query: null,
8 verbose parsed url   pathname: 'db-mysql',
8 verbose parsed url   path: 'db-mysql',
8 verbose parsed url   href: 'db-mysql' }
9 silly lockFile c75423d9-db-mysql db-mysql
10 verbose lock db-mysql C:\Users\Prasad\AppData\Roaming\npm-cache\c75423d9-db-mysql.lock
11 silly lockFile c75423d9-db-mysql db-mysql
12 silly lockFile c75423d9-db-mysql db-mysql
13 verbose addNamed [ 'db-mysql', '' ]
14 verbose addNamed [ null, '*' ]
15 silly lockFile a4731413-db-mysql db-mysql@
16 verbose lock db-mysql@ C:\Users\Prasad\AppData\Roaming\npm-cache\a4731413-db-mysql.lock
17 silly addNameRange { name: 'db-mysql', range: '*', hasData: false }
18 verbose url raw db-mysql
19 verbose url resolving [ 'https://registry.npmjs.org/', './db-mysql' ]
20 verbose url resolved https://registry.npmjs.org/db-mysql
21 info trying registry request attempt 1 at 17:37:36
22 verbose etag "62NNTDP94WAWVPLMMIM4NS390"
23 http GET https://registry.npmjs.org/db-mysql
24 http 304 https://registry.npmjs.org/db-mysql
25 silly registry.get cb [ 304,
25 silly registry.get   { date: 'Sun, 29 Dec 2013 22:37:41 GMT',
25 silly registry.get     server: 'Apache',
25 silly registry.get     connection: 'Keep-Alive',
25 silly registry.get     'keep-alive': 'timeout=10, max=50',
25 silly registry.get     etag: '"62NNTDP94WAWVPLMMIM4NS390"',
25 silly registry.get     vary: 'Accept' } ]
26 verbose etag db-mysql from cache
27 silly addNameRange number 2 { name: 'db-mysql', range: '*', hasData: true }
28 silly addNameRange versions [ 'db-mysql',
28 silly addNameRange   [ '0.4.0',
28 silly addNameRange     '0.4.1',
28 silly addNameRange     '0.4.2',
28 silly addNameRange     '0.4.3',
28 silly addNameRange     '0.4.4',
28 silly addNameRange     '0.4.5',
28 silly addNameRange     '0.4.6',
28 silly addNameRange     '0.4.7',
28 silly addNameRange     '0.4.8',
28 silly addNameRange     '0.4.9',
28 silly addNameRange     '0.5.0',
28 silly addNameRange     '0.5.1',
28 silly addNameRange     '0.5.2',
28 silly addNameRange     '0.5.3',
28 silly addNameRange     '0.5.4',
28 silly addNameRange     '0.5.5',
28 silly addNameRange     '0.5.6',
28 silly addNameRange     '0.5.7',
28 silly addNameRange     '0.5.8',
28 silly addNameRange     '0.5.9',
28 silly addNameRange     '0.6.0',
28 silly addNameRange     '0.6.1',
28 silly addNameRange     '0.6.2',
28 silly addNameRange     '0.6.3',
28 silly addNameRange     '0.6.4',
28 silly addNameRange     '0.6.5',
28 silly addNameRange     '0.6.6',
28 silly addNameRange     '0.6.7',
28 silly addNameRange     '0.6.8',
28 silly addNameRange     '0.6.9',
28 silly addNameRange     '0.7.0',
28 silly addNameRange     '0.7.1',
28 silly addNameRange     '0.7.2',
28 silly addNameRange     '0.7.3',
28 silly addNameRange     '0.7.4',
28 silly addNameRange     '0.7.5',
28 silly addNameRange     '0.7.6' ] ]
29 verbose addNamed [ 'db-mysql', '0.7.6' ]
30 verbose addNamed [ '0.7.6', '0.7.6' ]
31 silly lockFile f70b617c-db-mysql-0-7-6 db-mysql@0.7.6
32 verbose lock db-mysql@0.7.6 C:\Users\Prasad\AppData\Roaming\npm-cache\f70b617c-db-mysql-0-7-6.lock
33 silly lockFile f70b617c-db-mysql-0-7-6 db-mysql@0.7.6
34 silly lockFile f70b617c-db-mysql-0-7-6 db-mysql@0.7.6
35 silly lockFile a4731413-db-mysql db-mysql@
36 silly lockFile a4731413-db-mysql db-mysql@
37 silly resolved [ { name: 'db-mysql',
37 silly resolved     description: 'MySQL database bindings for Node.JS',
37 silly resolved     keywords:
37 silly resolved      [ 'database',
37 silly resolved        'db',
37 silly resolved        'native',
37 silly resolved        'binding',
37 silly resolved        'library',
37 silly resolved        'plugin',
37 silly resolved        'client',
37 silly resolved        'mysql',
37 silly resolved        'libmysql' ],
37 silly resolved     homepage: 'http://nodejsdb.org/db-mysql',
37 silly resolved     version: '0.7.6',
37 silly resolved     engines: { node: '>=0.4.1' },
37 silly resolved     maintainers: [ [Object] ],
37 silly resolved     bugs: { url: 'http://github.com/mariano/node-db-mysql/issues' },
37 silly resolved     licenses: [ [Object] ],
37 silly resolved     repositories: [ [Object] ],
37 silly resolved     main: './db-mysql',
37 silly resolved     scripts:
37 silly resolved      { install: 'node-waf configure build',
37 silly resolved        preuninstall: 'rm -rf build/*',
37 silly resolved        test: 'node-waf test',
37 silly resolved        doc: 'node-waf doc' },
37 silly resolved     devDependencies: { nodeunit: '*', nodelint: '*' },
37 silly resolved     readme: '# db-mysql: MySQL database bindings for Node.js #\n\nFor detailed information about this and other Node.js\ndatabase bindings visit the [Node.js db-mysql homepage] [homepage].\n\n## INSTALL ##\n\nBefore proceeding with installation, you need to have the libmysql\ndevelopment libraries and include files. Access to the mysql_config \nbinary is mandatory, and its path has to be specified prior to \ninstallation (if its not within the system\'s path). For example, if \nthe path to your mysql_config is /usr/local/bin/mysql_config make \nsure to do the following (Ubuntu users need to install the \nlibmysqlclient-dev package):\n\n```bash\n$ export MYSQL_CONFIG=/usr/local/bin/mysql_config\n```\n\nOnce you are sure that either mysql_config is part of the path or that\nyou specified the MYSQL_CONFIG environment var, install with npm:\n\n```bash\n$ npm install db-mysql\n```\n\n## QUICK START ##\n\n```javascript\nvar mysql = require(\'db-mysql\');\nnew mysql.Database({\n    hostname: \'localhost\',\n    user: \'root\',\n    password: \'password\',\n    database: \'node\'\n}).connect(function(error) {\n    if (error) {\n        return console.log("CONNECTION ERROR: " + error);\n    }\n\n    this.query().select(\'*\').from(\'users\').execute(function(error, rows) {\n        if (error) {\n            return console.log(\'ERROR: \' + error);\n        }\n        console.log(rows.length + \' ROWS\');\n    });\n});\n```\n\n## LICENSE ##\n\nThis module is released under the [MIT License] [license].\n\n[homepage]: http://nodejsdb.org/db-mysql\n[license]: http://www.opensource.org/licenses/mit-license.php\n',
37 silly resolved     readmeFilename: 'README.md',
37 silly resolved     repository:
37 silly resolved      { type: 'git',
37 silly resolved        url: 'https://github.com/mariano/node-db-mysql.git' },
37 silly resolved     _id: 'db-mysql@0.7.6',
37 silly resolved     _from: 'db-mysql@' } ]
38 info install db-mysql@0.7.6 into C:\Users\Prasad\express_example
39 info installOne db-mysql@0.7.6
40 info C:\Users\Prasad\express_example\node_modules\db-mysql unbuild
41 verbose tar unpack C:\Users\Prasad\AppData\Roaming\npm-cache\db-mysql\0.7.6\package.tgz
42 silly lockFile df3de208-ss-example-node-modules-db-mysql tar://C:\Users\Prasad\express_example\node_modules\db-mysql
43 verbose lock tar://C:\Users\Prasad\express_example\node_modules\db-mysql C:\Users\Prasad\AppData\Roaming\npm-cache\df3de208-ss-example-node-modules-db-mysql.lock
44 silly lockFile dbc859e6-cache-db-mysql-0-7-6-package-tgz tar://C:\Users\Prasad\AppData\Roaming\npm-cache\db-mysql\0.7.6\package.tgz
45 verbose lock tar://C:\Users\Prasad\AppData\Roaming\npm-cache\db-mysql\0.7.6\package.tgz C:\Users\Prasad\AppData\Roaming\npm-cache\dbc859e6-cache-db-mysql-0-7-6-package-tgz.lock
46 silly gunzTarPerm modes [ '755', '644' ]
47 silly gunzTarPerm extractEntry package.json
48 silly gunzTarPerm modified mode [ 'package.json', 438, 420 ]
49 silly gunzTarPerm extractEntry .npmignore
50 silly gunzTarPerm modified mode [ '.npmignore', 438, 420 ]
51 silly gunzTarPerm extractEntry README.md
52 silly gunzTarPerm modified mode [ 'README.md', 438, 420 ]
53 silly gunzTarPerm extractEntry mysql-test-manual-query.js
54 silly gunzTarPerm modified mode [ 'mysql-test-manual-query.js', 438, 420 ]
55 silly gunzTarPerm extractEntry mysql-test-no-connection.js
56 silly gunzTarPerm modified mode [ 'mysql-test-no-connection.js', 438, 420 ]
57 silly gunzTarPerm extractEntry mysql-test-long-number.js
58 silly gunzTarPerm modified mode [ 'mysql-test-long-number.js', 438, 420 ]
59 silly gunzTarPerm extractEntry mysql-test-sync-update.js
60 silly gunzTarPerm modified mode [ 'mysql-test-sync-update.js', 438, 420 ]
61 silly gunzTarPerm extractEntry mysql-test-sync.js
62 silly gunzTarPerm modified mode [ 'mysql-test-sync.js', 438, 420 ]
63 silly gunzTarPerm extractEntry mysql-test.js
64 silly gunzTarPerm modified mode [ 'mysql-test.js', 438, 420 ]
65 silly gunzTarPerm extractEntry mysql-test-long.js
66 silly gunzTarPerm modified mode [ 'mysql-test-long.js', 438, 420 ]
67 silly gunzTarPerm extractEntry mysql-test-insert.js
68 silly gunzTarPerm modified mode [ 'mysql-test-insert.js', 438, 420 ]
69 silly gunzTarPerm extractEntry t.js
70 silly gunzTarPerm modified mode [ 't.js', 438, 420 ]
71 silly gunzTarPerm extractEntry mysql-test-async.js
72 silly gunzTarPerm modified mode [ 'mysql-test-async.js', 438, 420 ]
73 silly gunzTarPerm extractEntry tests-db.js
74 silly gunzTarPerm modified mode [ 'tests-db.js', 438, 420 ]
75 silly gunzTarPerm extractEntry db-mysql.js
76 silly gunzTarPerm modified mode [ 'db-mysql.js', 438, 420 ]
77 silly gunzTarPerm extractEntry mysql-test-placeholder.js
78 silly gunzTarPerm modified mode [ 'mysql-test-placeholder.js', 438, 420 ]
79 silly gunzTarPerm extractEntry tests.js
80 silly gunzTarPerm modified mode [ 'tests.js', 438, 420 ]
81 silly gunzTarPerm extractEntry lib/node-db/README.md
82 silly gunzTarPerm modified mode [ 'lib/node-db/README.md', 438, 420 ]
83 silly gunzTarPerm extractEntry lib/node-db/tests.js
84 silly gunzTarPerm modified mode [ 'lib/node-db/tests.js', 438, 420 ]
85 silly gunzTarPerm extractEntry lib/node-db/connection.cc
86 silly gunzTarPerm modified mode [ 'lib/node-db/connection.cc', 438, 420 ]
87 silly gunzTarPerm extractEntry lib/node-db/connection.h
88 silly gunzTarPerm modified mode [ 'lib/node-db/connection.h', 438, 420 ]
89 silly gunzTarPerm extractEntry lib/node-db/events.cc
90 silly gunzTarPerm modified mode [ 'lib/node-db/events.cc', 438, 420 ]
91 silly gunzTarPerm extractEntry lib/node-db/events.h
92 silly gunzTarPerm modified mode [ 'lib/node-db/events.h', 438, 420 ]
93 silly gunzTarPerm extractEntry lib/node-db/exception.cc
94 silly gunzTarPerm modified mode [ 'lib/node-db/exception.cc', 438, 420 ]
95 silly gunzTarPerm extractEntry lib/node-db/binding.h
96 silly gunzTarPerm modified mode [ 'lib/node-db/binding.h', 438, 420 ]
97 silly gunzTarPerm extractEntry lib/node-db/node_defs.h
98 silly gunzTarPerm modified mode [ 'lib/node-db/node_defs.h', 438, 420 ]
99 silly gunzTarPerm extractEntry lib/node-db/query.cc
100 silly gunzTarPerm modified mode [ 'lib/node-db/query.cc', 438, 420 ]
101 silly gunzTarPerm extractEntry lib/node-db/query.h
102 silly gunzTarPerm modified mode [ 'lib/node-db/query.h', 438, 420 ]
103 silly gunzTarPerm extractEntry lib/node-db/binding.cc
104 silly gunzTarPerm modified mode [ 'lib/node-db/binding.cc', 438, 420 ]
105 silly gunzTarPerm extractEntry lib/node-db/result.cc
106 silly gunzTarPerm modified mode [ 'lib/node-db/result.cc', 438, 420 ]
107 silly gunzTarPerm extractEntry lib/node-db/result.h
108 silly gunzTarPerm modified mode [ 'lib/node-db/result.h', 438, 420 ]
109 silly gunzTarPerm extractEntry lib/node-db/exception.h
110 silly gunzTarPerm modified mode [ 'lib/node-db/exception.h', 438, 420 ]
111 silly gunzTarPerm extractEntry src/connection.cc
112 silly gunzTarPerm modified mode [ 'src/connection.cc', 438, 420 ]
113 silly gunzTarPerm extractEntry src/connection.h
114 silly gunzTarPerm modified mode [ 'src/connection.h', 438, 420 ]
115 silly gunzTarPerm extractEntry src/mysql.cc
116 silly gunzTarPerm modified mode [ 'src/mysql.cc', 438, 420 ]
117 silly gunzTarPerm extractEntry src/mysql.h
118 silly gunzTarPerm modified mode [ 'src/mysql.h', 438, 420 ]
119 silly gunzTarPerm extractEntry src/mysql_bindings.cc
120 silly gunzTarPerm modified mode [ 'src/mysql_bindings.cc', 438, 420 ]
121 silly gunzTarPerm extractEntry src/query.cc
122 silly gunzTarPerm modified mode [ 'src/query.cc', 438, 420 ]
123 silly gunzTarPerm extractEntry src/query.h
124 silly gunzTarPerm modified mode [ 'src/query.h', 438, 420 ]
125 silly gunzTarPerm extractEntry src/result.cc
126 silly gunzTarPerm modified mode [ 'src/result.cc', 438, 420 ]
127 silly gunzTarPerm extractEntry src/result.h
128 silly gunzTarPerm modified mode [ 'src/result.h', 438, 420 ]
129 silly gunzTarPerm extractEntry CHANGELOG
130 silly gunzTarPerm modified mode [ 'CHANGELOG', 438, 420 ]
131 silly gunzTarPerm extractEntry .gitmodules
132 silly gunzTarPerm modified mode [ '.gitmodules', 438, 420 ]
133 silly gunzTarPerm extractEntry tests-settings.json
134 silly gunzTarPerm modified mode [ 'tests-settings.json', 438, 420 ]
135 silly gunzTarPerm extractEntry doc/api.html
136 silly gunzTarPerm modified mode [ 'doc/api.html', 438, 420 ]
137 silly gunzTarPerm extractEntry doc/changelog.html
138 silly gunzTarPerm modified mode [ 'doc/changelog.html', 438, 420 ]
139 silly gunzTarPerm extractEntry doc/index.html
140 silly gunzTarPerm modified mode [ 'doc/index.html', 438, 420 ]
141 silly gunzTarPerm extractEntry wscript
142 silly gunzTarPerm modified mode [ 'wscript', 438, 420 ]
143 silly lockFile df3de208-ss-example-node-modules-db-mysql tar://C:\Users\Prasad\express_example\node_modules\db-mysql
144 silly lockFile df3de208-ss-example-node-modules-db-mysql tar://C:\Users\Prasad\express_example\node_modules\db-mysql
145 silly lockFile dbc859e6-cache-db-mysql-0-7-6-package-tgz tar://C:\Users\Prasad\AppData\Roaming\npm-cache\db-mysql\0.7.6\package.tgz
146 silly lockFile dbc859e6-cache-db-mysql-0-7-6-package-tgz tar://C:\Users\Prasad\AppData\Roaming\npm-cache\db-mysql\0.7.6\package.tgz
147 info preinstall db-mysql@0.7.6
148 verbose readDependencies using package.json deps
149 verbose readDependencies using package.json deps
150 silly resolved []
151 verbose about to build C:\Users\Prasad\express_example\node_modules\db-mysql
152 info build C:\Users\Prasad\express_example\node_modules\db-mysql
153 verbose linkStuff [ false,
153 verbose linkStuff   false,
153 verbose linkStuff   false,
153 verbose linkStuff   'C:\\Users\\Prasad\\express_example\\node_modules' ]
154 info linkStuff db-mysql@0.7.6
155 verbose linkBins db-mysql@0.7.6
156 verbose linkMans db-mysql@0.7.6
157 verbose rebuildBundles db-mysql@0.7.6
158 info install db-mysql@0.7.6
159 verbose unsafe-perm in lifecycle true
160 info db-mysql@0.7.6 Failed to exec install script
161 info C:\Users\Prasad\express_example\node_modules\db-mysql unbuild
162 info preuninstall db-mysql@0.7.6
163 verbose unsafe-perm in lifecycle true
164 info db-mysql@0.7.6 Failed to exec preuninstall script
165 warn continuing anyway db-mysql@0.7.6 preuninstall: `rm -rf build/*`
165 warn continuing anyway Exit status 1
166 info uninstall db-mysql@0.7.6
167 verbose true,C:\Users\Prasad\express_example\node_modules,C:\Users\Prasad\express_example\node_modules unbuild db-mysql@0.7.6
168 info postuninstall db-mysql@0.7.6
169 error db-mysql@0.7.6 install: `node-waf configure build`
169 error Exit status 1
170 error Failed at the db-mysql@0.7.6 install script.
170 error This is most likely a problem with the db-mysql package,
170 error not with npm itself.
170 error Tell the author that this fails on your system:
170 error     node-waf configure build
170 error You can get their info via:
170 error     npm owner ls db-mysql
170 error There is likely additional logging output above.
171 error System Windows_NT 6.1.7600
172 error command "C:\\Program Files\\nodejs\\\\node.exe" "C:\\Program Files\\nodejs\\node_modules\\npm\\bin\\npm-cli.js" "install" "db-mysql"
173 error cwd C:\Users\Prasad\express_example
174 error node -v v0.10.24
175 error npm -v 1.3.21
176 error code ELIFECYCLE
177 verbose exit [ 1, true ]
